d:\git\gameframework2d\src\gf2d\release\vc120.pdb
d:\git\gameframework2d\src\gf2d\release\gf2d_elements.obj
d:\git\gameframework2d\src\gf2d\release\gf2d_draw.obj
d:\git\gameframework2d\src\gf2d\release\gf2d_config.obj
d:\git\gameframework2d\src\gf2d\release\gf2d_actor.obj
d:\git\gameframework2d\src\gf2d\release\game.obj
d:\git\gameframework2d\src\gf2d\release\gfc_vector.obj
d:\git\gameframework2d\src\gf2d\release\gfc_types.obj
d:\git\gameframework2d\src\gf2d\release\gfc_matrix.obj
d:\git\gameframework2d\src\gf2d\release\gfc_list.obj
d:\git\gameframework2d\src\gf2d\release\gfc_input.obj
d:\git\gameframework2d\src\gf2d\release\gfc_callbacks.obj
d:\git\gameframework2d\src\gf2d\release\gfc_audio.obj
d:\git\gameframework2d\src\gf2d\release\simple_logger.obj
d:\git\gameframework2d\src\gf2d\release\simple_json_string.obj
d:\git\gameframework2d\src\gf2d\release\simple_json_parse.obj
d:\git\gameframework2d\src\gf2d\release\simple_json_object.obj
d:\git\gameframework2d\src\gf2d\release\simple_json_list.obj
d:\git\gameframework2d\src\gf2d\release\simple_json_error.obj
d:\git\gameframework2d\src\gf2d\release\simple_json_array.obj
d:\git\gameframework2d\src\gf2d\release\simple_json.obj
d:\git\gameframework2d\src\gf2d\release\my_scene.obj
d:\git\gameframework2d\src\gf2d\release\my_room.obj
d:\git\gameframework2d\src\gf2d\release\my_player.obj
d:\git\gameframework2d\src\gf2d\release\my_item.obj
d:\git\gameframework2d\src\gf2d\release\my_interactable.obj
d:\git\gameframework2d\src\gf2d\release\my_follower.obj
d:\git\gameframework2d\src\gf2d\release\my_entity.obj
d:\git\gameframework2d\src\gf2d\release\my_enemy.obj
d:\git\gameframework2d\src\gf2d\release\my_collider.obj
d:\git\gameframework2d\src\gf2d\release\gfc_color.obj
d:\git\gameframework2d\src\gf2d\release\gf2d_windows.obj
d:\git\gameframework2d\src\gf2d\release\gf2d_text.obj
d:\git\gameframework2d\src\gf2d\release\gf2d_sprite.obj
d:\git\gameframework2d\src\gf2d\release\gf2d_shape.obj
d:\git\gameframework2d\src\gf2d\release\gf2d_mouse.obj
d:\git\gameframework2d\src\gf2d\release\gf2d_graphics.obj
d:\git\gameframework2d\src\gf2d\release\gf2d_element_list.obj
d:\git\gameframework2d\src\gf2d\release\gf2d_element_label.obj
d:\git\gameframework2d\src\gf2d\release\gf2d_element_button.obj
d:\git\gameframework2d\src\gf2d\release\gf2d_element_actor.obj
d:\git\gameframework2d\src\gf2d\release\my_tile.obj
d:\git\gameframework2d\src\gf2d\release\my_editor.obj
d:\git\gameframework2d\gf2d.exe
d:\git\gameframework2d\gf2d.pdb
d:\git\gameframework2d\src\gf2d\..\..\gf2d.exe
d:\git\gameframework2d\src\gf2d\release\gf2d.tlog\cl.command.1.tlog
d:\git\gameframework2d\src\gf2d\release\gf2d.tlog\cl.read.1.tlog
d:\git\gameframework2d\src\gf2d\release\gf2d.tlog\cl.write.1.tlog
d:\git\gameframework2d\src\gf2d\release\gf2d.tlog\link.command.1.tlog
d:\git\gameframework2d\src\gf2d\release\gf2d.tlog\link.read.1.tlog
d:\git\gameframework2d\src\gf2d\release\gf2d.tlog\link.write.1.tlog
